Starting command
Waiting...
SRR554097,  SAMN01162012
1972400.sapelo2
SAMN01162012 submitted
Starting command
Waiting...
SRR554098,  SAMN01162013
1972401.sapelo2
SAMN01162013 submitted
Starting command
Waiting...
SRR554099,  SAMN01162014
1972402.sapelo2
SAMN01162014 submitted
Starting command
Waiting...
SRR554100,  SAMN01162015
1972403.sapelo2
SAMN01162015 submitted
Starting command
Waiting...
SRR554101,  SAMN01162016
1972404.sapelo2
SAMN01162016 submitted
Starting command
Waiting...
SRR554103,  SAMN01162018
1972405.sapelo2
SAMN01162018 submitted
Starting command
Waiting...
SRR554104,  SAMN01162019
1972406.sapelo2
SAMN01162019 submitted
Starting command
Waiting...
SRR554105,  SAMN01162020
1972407.sapelo2
SAMN01162020 submitted
Starting command
Waiting...
SRR554108,  SAMN01162023
1972408.sapelo2
SAMN01162023 submitted
Starting command
Waiting...
SRR554109,  SAMN01162024
1972409.sapelo2
SAMN01162024 submitted
Starting command
Waiting...
SRR554110,  SAMN01162025
1972410.sapelo2
SAMN01162025 submitted
Starting command
Waiting...
SRR554111,  SAMN01162026
1972411.sapelo2
SAMN01162026 submitted
Starting command
Waiting...
SRR554112,  SAMN01162027
1972412.sapelo2
SAMN01162027 submitted
Starting command
Waiting...
SRR554113,  SAMN01162028
1972413.sapelo2
SAMN01162028 submitted
Starting command
Waiting...
SRR554114,  SAMN01162029
1972414.sapelo2
SAMN01162029 submitted
Starting command
Waiting...
SRR554115,  SAMN01162030
1972415.sapelo2
SAMN01162030 submitted
Starting command
Waiting...
SRR710254,  SAMN01919665
1972416.sapelo2
SAMN01919665 submitted
Starting command
Waiting...
SRR710255,  SAMN01919666
1972417.sapelo2
SAMN01919666 submitted
Starting command
Waiting...
SRR710513,  SAMN01919675
1972418.sapelo2
SAMN01919675 submitted
Starting command
Waiting...
SRR710514,  SAMN01919676
1972419.sapelo2
SAMN01919676 submitted
Starting command
Waiting...
SRR711394,  SAMN01919773
1972420.sapelo2
SAMN01919773 submitted
Starting command
Waiting...
SRR545955,  SAMN01047845
1972421.sapelo2
SAMN01047845 submitted
Starting command
Waiting...
SRR519468,  SAMN00780050
1972422.sapelo2
SAMN00780050 submitted
Starting command
Waiting...
ERR025972,  SAMEA864136
1972423.sapelo2
SAMEA864136 submitted
Starting command
Waiting...
ERR025974,  SAMEA864153
1972424.sapelo2
SAMEA864153 submitted
Starting command
Waiting...
ERR025976,  SAMEA864122
1972425.sapelo2
SAMEA864122 submitted
Starting command
Waiting...
SRR641954,  SAMN00780045
1972426.sapelo2
SAMN00780045 submitted
Starting command
Waiting...
SRR649334,  SAMN01886724
1972427.sapelo2
SAMN01886724 submitted
Starting command
Waiting...
SRR649354,  SAMN01886733
1972428.sapelo2
SAMN01886733 submitted
Starting command
Waiting...
SRR649355,  SAMN01886734
1972429.sapelo2
SAMN01886734 submitted
Starting command
Waiting...
SRR649359,  SAMN01886737
1972430.sapelo2
SAMN01886737 submitted
Starting command
Waiting...
SRR2423277,  SAMN04090012
1972431.sapelo2
SAMN04090012 submitted
Starting command
Waiting...
ERR045185,  SAMEA1012014
1972432.sapelo2
SAMEA1012014 submitted
Starting command
Waiting...
ERR045186,  SAMEA1012026
1972433.sapelo2
SAMEA1012026 submitted
Starting command
Waiting...
ERR045188,  SAMEA1011992
1972434.sapelo2
SAMEA1011992 submitted
Starting command
Waiting...
SRR513124,  SAMN01048184
1972435.sapelo2
SAMN01048184 submitted
Starting command
Waiting...
SRR513125,  SAMN01048185
1972436.sapelo2
SAMN01048185 submitted
Starting command
Waiting...
ERR025973,  SAMEA864152
1972437.sapelo2
SAMEA864152 submitted
Starting command
Waiting...
ERR025975,  SAMEA864121
1972438.sapelo2
SAMEA864121 submitted
Starting command
Waiting...
ERR026535,  SAMEA864178
1972439.sapelo2
SAMEA864178 submitted
Starting command
Waiting...
ERR026537,  SAMEA864164
1972440.sapelo2
SAMEA864164 submitted
Starting command
Waiting...
ERR026539,  SAMEA864142
1972441.sapelo2
SAMEA864142 submitted
Starting command
Waiting...
ERR029237,  SAMEA864162
1972442.sapelo2
SAMEA864162 submitted
Starting command
Waiting...
ERR029238,  SAMEA864163
1972443.sapelo2
SAMEA864163 submitted
Starting command
Waiting...
ERR017078,  SAMEA864154
1972444.sapelo2
SAMEA864154 submitted
Starting command
Waiting...
ERR017079,  SAMEA864160
1972445.sapelo2
SAMEA864160 submitted
Starting command
Waiting...
ERR017080,  SAMEA864155
1972446.sapelo2
SAMEA864155 submitted
Starting command
Waiting...
ERR017081,  SAMEA864166
1972447.sapelo2
SAMEA864166 submitted
Starting command
Waiting...
ERR017082,  SAMEA864143
1972448.sapelo2
SAMEA864143 submitted
Starting command
Waiting...
ERR017083,  SAMEA864140
1972449.sapelo2
SAMEA864140 submitted
Starting command
Waiting...
ERR017084,  SAMEA864141
1972450.sapelo2
SAMEA864141 submitted
Starting command
Waiting...
ERR017085,  SAMEA864151
1972451.sapelo2
SAMEA864151 submitted
Starting command
Waiting...
ERR017086,  SAMEA864150
1972452.sapelo2
SAMEA864150 submitted
Starting command
Waiting...
ERR017087,  SAMEA864159
1972453.sapelo2
SAMEA864159 submitted
Starting command
Waiting...
ERR017088,  SAMEA864158
1972454.sapelo2
SAMEA864158 submitted
Starting command
Waiting...
ERR017089,  SAMEA864161
1972455.sapelo2
SAMEA864161 submitted
Starting command
Waiting...
ERR017091,  SAMEA864087
1972456.sapelo2
SAMEA864087 submitted
Starting command
Waiting...
ERR017092,  SAMEA864089
1972457.sapelo2
SAMEA864089 submitted
Starting command
Waiting...
ERR017093,  SAMEA864088
1972458.sapelo2
SAMEA864088 submitted
Starting command
Waiting...
ERR017094,  SAMEA864170
1972459.sapelo2
SAMEA864170 submitted
Starting command
Waiting...
ERR017095,  SAMEA864171
1972460.sapelo2
SAMEA864171 submitted
Starting command
Waiting...
ERR017096,  SAMEA864172
1972461.sapelo2
SAMEA864172 submitted
Starting command
Waiting...
ERR017097,  SAMEA864173
1972462.sapelo2
SAMEA864173 submitted
Starting command
Waiting...
ERR017099,  SAMEA864175
1972463.sapelo2
SAMEA864175 submitted
Starting command
Waiting...
ERR017100,  SAMEA864176
1972464.sapelo2
SAMEA864176 submitted
Starting command
Waiting...
ERR017101,  SAMEA864177
1972465.sapelo2
SAMEA864177 submitted
Starting command
Waiting...
ERR017102,  SAMEA864090
1972466.sapelo2
SAMEA864090 submitted
Starting command
Waiting...
ERR017104,  SAMEA864169
1972467.sapelo2
SAMEA864169 submitted
Starting command
Waiting...
ERR017105,  SAMEA864107
1972468.sapelo2
SAMEA864107 submitted
Starting command
Waiting...
ERR017106,  SAMEA864168
1972469.sapelo2
SAMEA864168 submitted
Starting command
Waiting...
ERR017107,  SAMEA864149
1972470.sapelo2
SAMEA864149 submitted
Starting command
Waiting...
ERR017108,  SAMEA864148
1972471.sapelo2
SAMEA864148 submitted
Starting command
Waiting...
ERR017109,  SAMEA864102
1972472.sapelo2
SAMEA864102 submitted
Starting command
Waiting...
ERR017110,  SAMEA864101
1972473.sapelo2
SAMEA864101 submitted
Starting command
Waiting...
ERR017111,  SAMEA864104
1972474.sapelo2
SAMEA864104 submitted
Starting command
Waiting...
ERR017112,  SAMEA864103
1972475.sapelo2
SAMEA864103 submitted
Starting command
Waiting...
ERR017113,  SAMEA864134
1972476.sapelo2
SAMEA864134 submitted
Starting command
Waiting...
ERR017114,  SAMEA864105
1972477.sapelo2
SAMEA864105 submitted
Starting command
Waiting...
ERR017115,  SAMEA864108
1972478.sapelo2
SAMEA864108 submitted
Starting command
Waiting...
ERR017117,  SAMEA864113
1972479.sapelo2
SAMEA864113 submitted
Starting command
Waiting...
ERR027303,  SAMEA864115
1972480.sapelo2
SAMEA864115 submitted
Starting command
Waiting...
ERR017119,  SAMEA864114
1972481.sapelo2
SAMEA864114 submitted
Starting command
Waiting...
ERR017120,  SAMEA864157
1972482.sapelo2
SAMEA864157 submitted
Starting command
Waiting...
ERR017121,  SAMEA864156
1972483.sapelo2
SAMEA864156 submitted
Starting command
Waiting...
ERR017122,  SAMEA864106
1972484.sapelo2
SAMEA864106 submitted
Starting command
Waiting...
ERR017123,  SAMEA864133
1972485.sapelo2
SAMEA864133 submitted
Starting command
Waiting...
ERR017124,  SAMEA864112
1972486.sapelo2
SAMEA864112 submitted
Starting command
Waiting...
ERR017125,  SAMEA864111
1972487.sapelo2
SAMEA864111 submitted
Starting command
Waiting...
ERR017126,  SAMEA864110
1972488.sapelo2
SAMEA864110 submitted
Starting command
Waiting...
ERR017127,  SAMEA864109
1972489.sapelo2
SAMEA864109 submitted
Starting command
Waiting...
ERR017128,  SAMEA864116
1972490.sapelo2
SAMEA864116 submitted
Starting command
Waiting...
ERR017130,  SAMEA864145
1972491.sapelo2
SAMEA864145 submitted
Starting command
Waiting...
ERR017131,  SAMEA864147
1972492.sapelo2
SAMEA864147 submitted
Starting command
Waiting...
ERR017132,  SAMEA864144
1972493.sapelo2
SAMEA864144 submitted
Starting command
Waiting...
ERR017133,  SAMEA864086
1972494.sapelo2
SAMEA864086 submitted
Starting command
Waiting...
ERR017134,  SAMEA864085
1972495.sapelo2
SAMEA864085 submitted
Starting command
Waiting...
ERR017135,  SAMEA864084
1972496.sapelo2
SAMEA864084 submitted
Starting command
Waiting...
ERR017136,  SAMEA864083
1972497.sapelo2
SAMEA864083 submitted
Starting command
Waiting...
ERR017137,  SAMEA864082
1972498.sapelo2
SAMEA864082 submitted
Starting command
Waiting...
ERR017138,  SAMEA864081
1972499.sapelo2
SAMEA864081 submitted
Starting command
Waiting...
ERR017139,  SAMEA864137
1972500.sapelo2
SAMEA864137 submitted
Starting command
Waiting...
ERR017140,  SAMEA864138
1972501.sapelo2
SAMEA864138 submitted
Starting command
Waiting...
ERR017141,  SAMEA864146
1972502.sapelo2
SAMEA864146 submitted
Starting command
Waiting...
ERR017143,  SAMEA864118
1972503.sapelo2
SAMEA864118 submitted
Starting command
Waiting...
ERR017144,  SAMEA864120
1972504.sapelo2
SAMEA864120 submitted
Starting command
Waiting...
ERR017145,  SAMEA864117
1972505.sapelo2
SAMEA864117 submitted
Starting command
Waiting...
ERR017146,  SAMEA864128
1972506.sapelo2
SAMEA864128 submitted
Starting command
Waiting...
ERR017147,  SAMEA864127
1972507.sapelo2
SAMEA864127 submitted
Starting command
Waiting...
ERR017148,  SAMEA864130
1972508.sapelo2
SAMEA864130 submitted
Starting command
Waiting...
ERR017149,  SAMEA864129
1972509.sapelo2
SAMEA864129 submitted
Starting command
Waiting...
ERR017150,  SAMEA864124
1972510.sapelo2
SAMEA864124 submitted
Starting command
Waiting...
ERR017151,  SAMEA864123
1972511.sapelo2
SAMEA864123 submitted
Starting command
Waiting...
ERR017152,  SAMEA864126
1972512.sapelo2
SAMEA864126 submitted
Starting command
Waiting...
ERR017153,  SAMEA864125
1972513.sapelo2
SAMEA864125 submitted
Starting command
Waiting...
ERR017154,  SAMEA864119
1972514.sapelo2
SAMEA864119 submitted
Starting command
Waiting...
ERR017156,  SAMEA864131
1972515.sapelo2
SAMEA864131 submitted
Starting command
Waiting...
ERR017157,  SAMEA864096
1972516.sapelo2
SAMEA864096 submitted
Starting command
Waiting...
ERR017158,  SAMEA864132
1972517.sapelo2
SAMEA864132 submitted
Starting command
Waiting...
ERR017159,  SAMEA864091
1972518.sapelo2
SAMEA864091 submitted
Starting command
Waiting...
ERR017160,  SAMEA864092
1972519.sapelo2
SAMEA864092 submitted
Starting command
Waiting...
ERR017161,  SAMEA864097
1972520.sapelo2
SAMEA864097 submitted
Starting command
Waiting...
ERR017162,  SAMEA864098
1972521.sapelo2
SAMEA864098 submitted
Starting command
Waiting...
ERR017163,  SAMEA864099
1972522.sapelo2
SAMEA864099 submitted
Starting command
Waiting...
ERR017164,  SAMEA864100
1972523.sapelo2
SAMEA864100 submitted
Starting command
Waiting...
ERR017165,  SAMEA864093
1972524.sapelo2
SAMEA864093 submitted
Starting command
Waiting...
ERR017166,  SAMEA864094
1972525.sapelo2
SAMEA864094 submitted
Starting command
Waiting...
ERR017167,  SAMEA864095
1972526.sapelo2
SAMEA864095 submitted
Starting command
Waiting...
SRR403911,  SAMN00780044
1972527.sapelo2
SAMN00780044 submitted
Starting command
Waiting...
SRR403913,  SAMN00780046
1972528.sapelo2
SAMN00780046 submitted
Starting command
Waiting...
SRR403914,  SAMN00780047
1972529.sapelo2
SAMN00780047 submitted
Starting command
Waiting...
SRR403915,  SAMN00780048
1972530.sapelo2
SAMN00780048 submitted
Starting command
Waiting...
SRR403916,  SAMN00780049
1972531.sapelo2
SAMN00780049 submitted
Starting command
Waiting...
SRR403919,  SAMN00780052
1972532.sapelo2
SAMN00780052 submitted
Starting command
Waiting...
SRR403922,  SAMN00780055
1972533.sapelo2
SAMN00780055 submitted
Starting command
Waiting...
SRR403924,  SAMN00780057
1972534.sapelo2
SAMN00780057 submitted
Starting command
Waiting...
SRR403925,  SAMN00780058
1972535.sapelo2
SAMN00780058 submitted
Starting command
Waiting...
SRR403926,  SAMN00780059
1972536.sapelo2
SAMN00780059 submitted
Starting command
Waiting...
SRR403927,  SAMN00780060
1972537.sapelo2
SAMN00780060 submitted
Starting command
Waiting...
SRR403918,  SAMN00780051
1972538.sapelo2
SAMN00780051 submitted
Starting command
Waiting...
SRR403921,  SAMN00780054
1972539.sapelo2
SAMN00780054 submitted
Starting command
Waiting...
SRR403923,  SAMN00780056
1972540.sapelo2
SAMN00780056 submitted
Starting command
Waiting...
SRR403928,  SAMN00780061
1972541.sapelo2
SAMN00780061 submitted
Starting command
Waiting...
SRR403929,  SAMN00780062
1972542.sapelo2
SAMN00780062 submitted
Starting command
Waiting...
SRR403931,  SAMN00780064
1972543.sapelo2
SAMN00780064 submitted
Starting command
Waiting...
SRR507722,  SAMN01047824
1972544.sapelo2
SAMN01047824 submitted
Starting command
Waiting...
SRR507723,  SAMN01047825
1972545.sapelo2
SAMN01047825 submitted
Starting command
Waiting...
SRR507724,  SAMN01047826
1972546.sapelo2
SAMN01047826 submitted
Starting command
Waiting...
SRR507725,  SAMN01047827
1972547.sapelo2
SAMN01047827 submitted
Starting command
Waiting...
SRR507726,  SAMN01047828
1972548.sapelo2
SAMN01047828 submitted
Starting command
Waiting...
SRR507727,  SAMN01047829
1972549.sapelo2
SAMN01047829 submitted
Starting command
Waiting...
SRR507728,  SAMN01047830
1972550.sapelo2
SAMN01047830 submitted
Starting command
Waiting...
SRR507729,  SAMN01047831
1972551.sapelo2
SAMN01047831 submitted
Starting command
Waiting...
SRR507730,  SAMN01047832
1972552.sapelo2
SAMN01047832 submitted
Starting command
Waiting...
SRR507731,  SAMN01047833
1972553.sapelo2
SAMN01047833 submitted
Starting command
Waiting...
SRR507740,  SAMN01047841
1972554.sapelo2
SAMN01047841 submitted
Starting command
Waiting...
SRR507741,  SAMN01047842
1972555.sapelo2
SAMN01047842 submitted
Starting command
Waiting...
SRR507742,  SAMN01047843
1972556.sapelo2
SAMN01047843 submitted
Starting command
Waiting...
SRR507743,  SAMN01047844
1972557.sapelo2
SAMN01047844 submitted
Starting command
Waiting...
SRR507745,  SAMN01047846
1972558.sapelo2
SAMN01047846 submitted
Starting command
Waiting...
SRR507746,  SAMN01047847
1972559.sapelo2
SAMN01047847 submitted
Starting command
Waiting...
SRR507747,  SAMN01047848
1972560.sapelo2
SAMN01047848 submitted
Starting command
Waiting...
SRR507748,  SAMN01047849
1972561.sapelo2
SAMN01047849 submitted
Starting command
Waiting...
SRR507749,  SAMN01047850
1972562.sapelo2
SAMN01047850 submitted
Starting command
Waiting...
SRR507752,  SAMN01047852
1972563.sapelo2
SAMN01047852 submitted
Starting command
Waiting...
SRR507754,  SAMN01047854
1972564.sapelo2
SAMN01047854 submitted
Starting command
Waiting...
SRR507755,  SAMN01047855
1972565.sapelo2
SAMN01047855 submitted
Starting command
Waiting...
SRR507756,  SAMN01047856
1972566.sapelo2
SAMN01047856 submitted
Starting command
Waiting...
SRR507757,  SAMN01047857
1972567.sapelo2
SAMN01047857 submitted
Starting command
Waiting...
SRR507758,  SAMN01047858
1972568.sapelo2
SAMN01047858 submitted
Starting command
Waiting...
SRR507759,  SAMN01047859
1972569.sapelo2
SAMN01047859 submitted
Starting command
Waiting...
SRR507760,  SAMN01047860
1972570.sapelo2
SAMN01047860 submitted
Starting command
Waiting...
SRR507761,  SAMN01047861
1972571.sapelo2
SAMN01047861 submitted
Starting command
Waiting...
SRR507762,  SAMN01047862
1972572.sapelo2
SAMN01047862 submitted
Starting command
Waiting...
SRR507763,  SAMN01047863
1972573.sapelo2
SAMN01047863 submitted
Starting command
Waiting...
SRR507764,  SAMN01047864
1972574.sapelo2
SAMN01047864 submitted
Starting command
Waiting...
SRR507765,  SAMN01047865
1972575.sapelo2
SAMN01047865 submitted
Starting command
Waiting...
SRR507766,  SAMN01047866
1972576.sapelo2
SAMN01047866 submitted
Starting command
Waiting...
SRR507767,  SAMN01047867
1972577.sapelo2
SAMN01047867 submitted
Starting command
Waiting...
SRR507768,  SAMN01047868
1972578.sapelo2
SAMN01047868 submitted
Starting command
Waiting...
SRR507769,  SAMN01047869
1972579.sapelo2
SAMN01047869 submitted
Starting command
Waiting...
SRR507770,  SAMN01047870
1972580.sapelo2
SAMN01047870 submitted
Starting command
Waiting...
SRR507771,  SAMN01047918
1972581.sapelo2
SAMN01047918 submitted
Starting command
Waiting...
SRR507772,  SAMN01047919
1972582.sapelo2
SAMN01047919 submitted
Starting command
Waiting...
SRR507773,  SAMN01047920
1972583.sapelo2
SAMN01047920 submitted
Starting command
Waiting...
SRR507774,  SAMN01047921
1972584.sapelo2
SAMN01047921 submitted
Starting command
Waiting...
SRR397938,  SAMN00771461
1972585.sapelo2
SAMN00771461 submitted
Starting command
Waiting...
SRR397960,  SAMN00771483
1972586.sapelo2
SAMN00771483 submitted
Starting command
Waiting...
SRR397961,  SAMN00771484
1972587.sapelo2
SAMN00771484 submitted
Starting command
Waiting...
SRR397962,  SAMN00771485
1972588.sapelo2
SAMN00771485 submitted
Starting command
Waiting...
SRR397963,  SAMN00771486
1972589.sapelo2
SAMN00771486 submitted
Starting command
Waiting...
SRR397965,  SAMN00771488
1972590.sapelo2
SAMN00771488 submitted
Starting command
Waiting...
SRR397966,  SAMN00771489
1972591.sapelo2
SAMN00771489 submitted
Starting command
Waiting...
SRR397967,  SAMN00771490
1972592.sapelo2
SAMN00771490 submitted
Starting command
Waiting...
SRR397968,  SAMN00771491
1972593.sapelo2
SAMN00771491 submitted
Starting command
Waiting...
SRR397969,  SAMN00771492
1972594.sapelo2
SAMN00771492 submitted
Starting command
Waiting...
SRR397970,  SAMN00771493
1972595.sapelo2
SAMN00771493 submitted
Starting command
Waiting...
SRR535783,  SAMN00839694
1972596.sapelo2
SAMN00839694 submitted
Starting command
Waiting...
SRR535784,  SAMN00780063
1972597.sapelo2
SAMN00780063 submitted
Starting command
Waiting...
SRR535785,  SAMN00771460
1972598.sapelo2
SAMN00771460 submitted
Starting command
Waiting...
SRR535786,  SAMN00780053
1972599.sapelo2
SAMN00780053 submitted
Starting command
Waiting...
SRR611133,  SAMN01798254
1972600.sapelo2
SAMN01798254 submitted
Starting command
Waiting...
ERR025971,  SAMEA864135
1972601.sapelo2
SAMEA864135 submitted
Starting command
Waiting...
ERR025977,  SAMEA864179
1972602.sapelo2
SAMEA864179 submitted
Starting command
Waiting...
ERR026536,  SAMEA864165
1972603.sapelo2
SAMEA864165 submitted
Starting command
Waiting...
ERR026538,  SAMEA864167
1972604.sapelo2
SAMEA864167 submitted
Starting command
Waiting...
ERR026540,  SAMEA864139
1972605.sapelo2
SAMEA864139 submitted
Starting command
Waiting...
ERR045187,  SAMEA1012006
1972606.sapelo2
SAMEA1012006 submitted
Starting command
Waiting...
SRR397964,  SAMN00771487
1972607.sapelo2
SAMN00771487 submitted
Starting command
Waiting...
SRR5956150,  SAMN07501985
1972608.sapelo2
SAMN07501985 submitted
Starting command
Waiting...
SRR5956154,  SAMN07502166
1972609.sapelo2
SAMN07502166 submitted
Starting command
Waiting...
ERR017098,  SAMEA864174
1972610.sapelo2
SAMEA864174 submitted
Starting command
Waiting...
SRR507753,  SAMN01047853
1972611.sapelo2
SAMN01047853 submitted
