fusA
SAMEA1012006
SAMEA1012014
SAMEA1012026
SAMEA104369440
SAMEA104369441
SAMEA5168039
SAMEA5168040
SAMEA5168050
SAMEA5168052
SAMEA5168053
SAMEA5168085
SAMEA5168086
SAMEA5168088
SAMEA5168126
SAMEA5168127
SAMEA5168151
SAMEA5168152
SAMEA5168153
SAMEA5168160
SAMEA5168161
SAMEA5168166
SAMEA5168169
SAMEA5168176
SAMEA5168180
SAMEA5168181
SAMEA5168184
SAMEA5168187
SAMEA5168191
SAMEA5168192
SAMEA5168193
SAMEA5168197
SAMEA5168198
SAMEA5168203
SAMEA5168205
SAMEA5168207
SAMEA5168208
SAMEA5168212
SAMEA5168213
SAMEA5168215
SAMEA5168217
SAMEA5168218
SAMEA5168222
SAMEA5168235
SAMEA5168240
SAMEA5168253
SAMEA5168254
SAMEA5168255
SAMEA5168256
SAMEA5168257
SAMEA5168259
SAMEA5168260
SAMEA5168262
SAMEA5168263
SAMEA5168267
SAMEA5168269
SAMEA5168273
SAMEA5168309
SAMEA5168319
SAMEA5168338
SAMEA5168339
SAMEA5168340
SAMEA5168341
SAMEA5168342
SAMEA5168343
SAMEA5168344
SAMEA864081
SAMEA864082
SAMEA864083
SAMEA864084
SAMEA864085
SAMEA864086
SAMEA864090
SAMEA864092
SAMEA864094
SAMEA864095
SAMEA864096
SAMEA864097
SAMEA864098
SAMEA864099
SAMEA864100
SAMEA864101
SAMEA864102
SAMEA864103
SAMEA864105
SAMEA864106
SAMEA864110
SAMEA864112
SAMEA864113
SAMEA864114
SAMEA864116
SAMEA864117
SAMEA864118
SAMEA864119
SAMEA864120
SAMEA864121
SAMEA864122
SAMEA864123
SAMEA864124
SAMEA864125
SAMEA864126
SAMEA864127
SAMEA864128
SAMEA864129
SAMEA864130
SAMEA864131
SAMEA864132
SAMEA864133
SAMEA864134
SAMEA864135
SAMEA864136
SAMEA864137
SAMEA864138
SAMEA864139
SAMEA864140
SAMEA864141
SAMEA864142
SAMEA864143
SAMEA864144
SAMEA864146
SAMEA864147
SAMEA864149
SAMEA864152
SAMEA864153
SAMEA864157
SAMEA864159
SAMEA864161
SAMEA864162
SAMEA864163
SAMEA864164
SAMEA864165
SAMEA864166
SAMEA864167
SAMEA864169
SAMEA864170
SAMEA864172
SAMEA864174
SAMEA864175
SAMEA864176
SAMEA864178
SAMEA864179
SAMN00254324
SAMN00254328
SAMN00254329
SAMN00254330
SAMN00254332
SAMN00254333
SAMN00254334
SAMN00254335
SAMN00254336
SAMN00254342
SAMN00254352
SAMN00254358
SAMN00254363
SAMN00254365
SAMN00254379
SAMN00254380
SAMN00254991
SAMN00254992
SAMN00255265
SAMN00771460
SAMN00771461
SAMN00771485
SAMN00771489
SAMN00780044
SAMN00780046
SAMN00780047
SAMN00780062
SAMN00780063
SAMN00780064
SAMN00839694
SAMN01047824
SAMN01047825
SAMN01047827
SAMN01047831
SAMN01047843
SAMN01047846
SAMN01047848
SAMN01047849
SAMN01047852
SAMN01047855
SAMN01047856
SAMN01047857
SAMN01047858
SAMN01047859
SAMN01047860
SAMN01047862
SAMN01047864
SAMN01047865
SAMN01047866
SAMN01047867
SAMN01047868
SAMN01047870
SAMN01047920
SAMN01048184
SAMN01162014
SAMN01162016
SAMN01162020
SAMN01162021
SAMN01162029
SAMN01766539
SAMN01801580
SAMN01801593
SAMN01801595
SAMN01801596
SAMN01801606
SAMN01886734
SAMN01886735
SAMN01886736
SAMN01919676
SAMN01919801
SAMN01919802
SAMN01919803
SAMN01919804
SAMN01919808
SAMN01919809
SAMN01920105
SAMN01920108
SAMN01920112
SAMN01920115
SAMN01920118
SAMN01920121
SAMN01920124
SAMN01920127
SAMN01920130
SAMN01920564
SAMN01920565
SAMN01920566
SAMN01920567
SAMN01920568
SAMN01920569
SAMN01920570
SAMN01920587
SAMN01920588
SAMN01920589
SAMN01920590
SAMN01920591
SAMN01920592
SAMN01920593
SAMN01920595
SAMN01920596
SAMN01920597
SAMN01920604
SAMN01920605
SAMN01920608
SAMN01920609
SAMN01920610
SAMN01920611
SAMN01920617
SAMN01920618
SAMN01920619
SAMN01920620
SAMN01920621
SAMN01920622
SAMN01920624
SAMN01920626
SAMN01920628
SAMN01920629
SAMN01920630
SAMN01920631
SAMN01920632
SAMN01920633
SAMN02436336
SAMN02436373
SAMN02436374
SAMN02436375
SAMN02436376
SAMN02436377
SAMN02436378
SAMN02436379
SAMN02436381
SAMN02436410
SAMN02436413
SAMN02436416
SAMN02436424
SAMN02436425
SAMN02436427
SAMN02436428
SAMN02436429
SAMN02436430
SAMN02436433
SAMN02436483
SAMN02436487
SAMN02436488
SAMN02436490
SAMN02436495
SAMN02436498
SAMN02436501
SAMN02436502
SAMN02436505
SAMN02436506
SAMN02436508
SAMN02436546
SAMN02436547
SAMN02436548
SAMN02436575
SAMN02436576
SAMN02436582
SAMN02436589
SAMN02436590
SAMN02436591
SAMN02436628
SAMN02436629
SAMN02603127
SAMN02603847
SAMN02603861
SAMN02673560
SAMN02928167
SAMN02947410
SAMN02947765
SAMN02947972
SAMN02949511
SAMN02949512
SAMN02949513
SAMN02949514
SAMN02949515
SAMN02949516
SAMN02949517
SAMN02949518
SAMN02949520
SAMN02949521
SAMN02949523
SAMN02949524
SAMN02949526
SAMN02949527
SAMN02949529
SAMN02949530
SAMN02949532
SAMN02949533
SAMN02949535
SAMN02949536
SAMN02949537
SAMN02949538
SAMN02949539
SAMN02949540
SAMN02949541
SAMN02949542
SAMN02949543
SAMN02949544
SAMN02949545
SAMN02949546
SAMN02949547
SAMN02949548
SAMN02949549
SAMN02949554
SAMN02949555
SAMN02949556
SAMN02949557
SAMN02949558
SAMN02949559
SAMN02949560
SAMN02949561
SAMN02949562
SAMN02949563
SAMN02949564
SAMN02949565
SAMN02949566
SAMN02949567
SAMN02949568
SAMN02949569
SAMN02949570
SAMN02949571
SAMN02949572
SAMN02949573
SAMN02949574
SAMN02949575
SAMN02949576
SAMN02949577
SAMN02949579
SAMN03259167
SAMN03610058
SAMN03780437
SAMN03780438
SAMN03783263
SAMN03783264
SAMN03853357
SAMN03944914
SAMN03996887
SAMN03996952
SAMN03996955
SAMN03997006
SAMN03997015
SAMN03998754
SAMN03998756
SAMN03998757
SAMN04002971
SAMN04009303
SAMN04009307
SAMN04009327
SAMN04009367
SAMN04090017
SAMN04090071
SAMN04090075
SAMN04102139
SAMN04102140
SAMN04102160
SAMN04102260
SAMN04116739
SAMN04116740
SAMN04116742
SAMN04145567
SAMN04145570
SAMN04145571
SAMN04145899
SAMN04145914
SAMN04145947
SAMN04145962
SAMN04145963
SAMN04158468
SAMN04158538
SAMN04231379
SAMN04235587
SAMN04432834
SAMN04555632
SAMN05195242
SAMN05195243
SAMN05421689
SAMN06233881
SAMN06290125
SAMN06298621
SAMN06298624
SAMN06434252
SAMN06434273
SAMN07313955
SAMN07314877
SAMN07501985
SAMN07502166
SAMN08513768
SAMN08596279
SAMN11289419
SAMN11289420
SAMN11289421
SAMN11774874
SAMN11774875
SAMN11774876
SAMN11774877
SAMN12567456
SAMN12567526
SAMN12588099
SAMN12871420
SAMN12871448
tufA
SAMEA1012006
SAMEA1012014
SAMEA1012026
SAMEA104369440
SAMEA104369441
SAMEA5168039
SAMEA5168040
SAMEA5168050
SAMEA5168052
SAMEA5168053
SAMEA5168085
SAMEA5168086
SAMEA5168088
SAMEA5168126
SAMEA5168127
SAMEA5168151
SAMEA5168152
SAMEA5168153
SAMEA5168160
SAMEA5168161
SAMEA5168166
SAMEA5168169
SAMEA5168176
SAMEA5168180
SAMEA5168181
SAMEA5168184
SAMEA5168187
SAMEA5168191
SAMEA5168192
SAMEA5168193
SAMEA5168197
SAMEA5168198
SAMEA5168203
SAMEA5168205
SAMEA5168207
SAMEA5168208
SAMEA5168212
SAMEA5168213
SAMEA5168215
SAMEA5168217
SAMEA5168218
SAMEA5168222
SAMEA5168235
SAMEA5168240
SAMEA5168253
SAMEA5168254
SAMEA5168255
SAMEA5168256
SAMEA5168257
SAMEA5168259
SAMEA5168260
SAMEA5168262
SAMEA5168263
SAMEA5168267
SAMEA5168269
SAMEA5168273
SAMEA5168309
SAMEA5168319
SAMEA5168338
SAMEA5168339
SAMEA5168340
SAMEA5168341
SAMEA5168342
SAMEA5168343
SAMEA5168344
SAMEA864081
SAMEA864082
SAMEA864083
SAMEA864084
SAMEA864085
SAMEA864086
SAMEA864090
SAMEA864092
SAMEA864094
SAMEA864095
SAMEA864096
SAMEA864097
SAMEA864098
SAMEA864099
SAMEA864100
SAMEA864101
SAMEA864102
SAMEA864103
SAMEA864105
SAMEA864106
SAMEA864110
SAMEA864112
SAMEA864113
SAMEA864114
SAMEA864116
SAMEA864117
SAMEA864118
SAMEA864119
SAMEA864120
SAMEA864121
SAMEA864122
SAMEA864123
SAMEA864124
SAMEA864125
SAMEA864126
SAMEA864127
SAMEA864128
SAMEA864129
SAMEA864130
SAMEA864131
SAMEA864132
SAMEA864133
SAMEA864134
SAMEA864135
SAMEA864136
SAMEA864137
SAMEA864138
SAMEA864139
SAMEA864140
SAMEA864141
SAMEA864142
SAMEA864143
SAMEA864144
SAMEA864146
SAMEA864147
SAMEA864149
SAMEA864152
SAMEA864153
SAMEA864157
SAMEA864159
SAMEA864161
SAMEA864162
SAMEA864163
SAMEA864164
SAMEA864165
SAMEA864166
SAMEA864167
SAMEA864169
SAMEA864170
SAMEA864172
SAMEA864174
SAMEA864175
SAMEA864176
SAMEA864178
SAMEA864179
SAMN00254324
SAMN00254328
SAMN00254329
SAMN00254330
SAMN00254332
SAMN00254333
SAMN00254334
SAMN00254335
SAMN00254336
SAMN00254342
SAMN00254352
SAMN00254358
SAMN00254363
SAMN00254365
SAMN00254379
SAMN00254380
SAMN00254991
SAMN00254992
SAMN00255265
SAMN00771460
SAMN00771461
SAMN00771485
SAMN00771489
SAMN00780044
SAMN00780046
SAMN00780047
SAMN00780062
SAMN00780063
SAMN00780064
SAMN00839694
SAMN01047824
SAMN01047825
SAMN01047827
SAMN01047831
SAMN01047843
SAMN01047846
SAMN01047848
SAMN01047849
SAMN01047852
SAMN01047855
SAMN01047856
SAMN01047857
SAMN01047858
SAMN01047859
SAMN01047860
SAMN01047862
SAMN01047864
SAMN01047865
SAMN01047866
SAMN01047867
SAMN01047868
SAMN01047870
SAMN01047920
SAMN01048184
SAMN01162014
SAMN01162016
SAMN01162020
SAMN01162021
SAMN01162029
SAMN01766539
SAMN01801580
SAMN01801593
SAMN01801595
SAMN01801596
SAMN01801606
SAMN01886734
SAMN01886735
SAMN01886736
SAMN01919676
SAMN01919801
SAMN01919802
SAMN01919803
SAMN01919804
SAMN01919808
SAMN01919809
SAMN01920105
SAMN01920108
SAMN01920112
SAMN01920115
SAMN01920118
SAMN01920121
SAMN01920124
SAMN01920127
SAMN01920130
SAMN01920564
SAMN01920565
SAMN01920566
SAMN01920567
SAMN01920568
SAMN01920569
SAMN01920570
SAMN01920587
SAMN01920588
SAMN01920589
SAMN01920590
SAMN01920591
SAMN01920592
SAMN01920593
SAMN01920595
SAMN01920596
SAMN01920597
SAMN01920604
SAMN01920605
SAMN01920608
SAMN01920609
SAMN01920610
SAMN01920611
SAMN01920617
SAMN01920618
SAMN01920619
SAMN01920620
SAMN01920621
SAMN01920622
SAMN01920624
SAMN01920626
SAMN01920628
SAMN01920629
SAMN01920630
SAMN01920631
SAMN01920632
SAMN01920633
SAMN02436336
SAMN02436373
SAMN02436374
SAMN02436375
SAMN02436376
SAMN02436377
SAMN02436378
SAMN02436379
SAMN02436381
SAMN02436410
SAMN02436413
SAMN02436416
SAMN02436424
SAMN02436425
SAMN02436427
SAMN02436428
SAMN02436429
SAMN02436430
SAMN02436433
SAMN02436483
SAMN02436487
SAMN02436488
SAMN02436490
SAMN02436495
SAMN02436498
SAMN02436501
SAMN02436502
SAMN02436505
SAMN02436506
SAMN02436508
SAMN02436546
SAMN02436547
SAMN02436548
SAMN02436575
SAMN02436576
SAMN02436582
SAMN02436589
SAMN02436590
SAMN02436591
SAMN02436628
SAMN02436629
SAMN02603127
SAMN02603847
SAMN02603861
SAMN02673560
SAMN02928167
SAMN02947410
SAMN02947765
SAMN02947972
SAMN02949511
SAMN02949512
SAMN02949513
SAMN02949514
SAMN02949515
SAMN02949516
SAMN02949517
SAMN02949518
SAMN02949520
SAMN02949521
SAMN02949523
SAMN02949524
SAMN02949526
SAMN02949527
SAMN02949529
SAMN02949530
SAMN02949532
SAMN02949533
SAMN02949535
SAMN02949536
SAMN02949537
SAMN02949538
SAMN02949539
SAMN02949540
SAMN02949541
SAMN02949542
SAMN02949543
SAMN02949544
SAMN02949545
SAMN02949546
SAMN02949547
SAMN02949548
SAMN02949549
SAMN02949554
SAMN02949555
SAMN02949556
SAMN02949557
SAMN02949558
SAMN02949559
SAMN02949560
SAMN02949561
SAMN02949562
SAMN02949563
SAMN02949564
SAMN02949565
SAMN02949566
SAMN02949567
SAMN02949568
SAMN02949569
SAMN02949570
SAMN02949571
SAMN02949572
SAMN02949573
SAMN02949574
SAMN02949575
SAMN02949576
SAMN02949577
SAMN02949579
SAMN03259167
SAMN03610058
SAMN03780437
SAMN03780438
SAMN03783263
SAMN03783264
SAMN03853357
SAMN03944914
SAMN03996887
SAMN03996952
SAMN03996955
SAMN03997006
SAMN03997015
SAMN03998754
SAMN03998756
SAMN03998757
SAMN04002971
SAMN04009303
SAMN04009307
SAMN04009327
SAMN04009367
SAMN04090017
SAMN04090071
SAMN04090075
SAMN04102139
SAMN04102140
SAMN04102160
SAMN04102260
SAMN04116739
SAMN04116740
SAMN04116742
SAMN04145567
SAMN04145570
SAMN04145571
SAMN04145899
SAMN04145914
SAMN04145947
SAMN04145962
SAMN04145963
SAMN04158468
SAMN04158538
SAMN04231379
SAMN04235587
SAMN04432834
SAMN04555632
SAMN05195242
SAMN05195243
SAMN05421689
SAMN06233881
SAMN06290125
SAMN06298621
SAMN06298624
SAMN06434252
SAMN06434273
SAMN07313955
SAMN07314877
SAMN07501985
SAMN07502166
SAMN08513768
SAMN08596279
SAMN11289419
SAMN11289420
SAMN11289421
SAMN11774874
SAMN11774875
SAMN11774876
SAMN11774877
SAMN12567456
SAMN12567526
SAMN12588099
SAMN12871420
SAMN12871448
rpsJ
SAMEA1012006
SAMEA1012014
SAMEA1012026
SAMEA104369440
SAMEA104369441
SAMEA5168039
SAMEA5168040
SAMEA5168050
SAMEA5168052
SAMEA5168053
SAMEA5168085
SAMEA5168086
SAMEA5168088
SAMEA5168126
SAMEA5168127
SAMEA5168151
SAMEA5168152
SAMEA5168153
SAMEA5168160
SAMEA5168161
SAMEA5168166
SAMEA5168169
SAMEA5168176
SAMEA5168180
SAMEA5168181
SAMEA5168184
SAMEA5168187
SAMEA5168191
SAMEA5168192
SAMEA5168193
SAMEA5168197
SAMEA5168198
SAMEA5168203
SAMEA5168205
SAMEA5168207
SAMEA5168208
SAMEA5168212
SAMEA5168213
SAMEA5168215
SAMEA5168217
SAMEA5168218
SAMEA5168222
SAMEA5168235
SAMEA5168240
SAMEA5168253
SAMEA5168254
SAMEA5168255
SAMEA5168256
SAMEA5168257
SAMEA5168259
SAMEA5168260
SAMEA5168262
SAMEA5168263
SAMEA5168267
SAMEA5168269
SAMEA5168273
SAMEA5168309
SAMEA5168319
SAMEA5168338
SAMEA5168339
SAMEA5168340
SAMEA5168341
SAMEA5168342
SAMEA5168343
SAMEA5168344
SAMEA864081
SAMEA864082
SAMEA864083
SAMEA864084
SAMEA864085
SAMEA864086
SAMEA864090
SAMEA864092
SAMEA864094
SAMEA864095
SAMEA864096
SAMEA864097
SAMEA864098
SAMEA864099
SAMEA864100
SAMEA864101
SAMEA864102
SAMEA864103
SAMEA864105
SAMEA864106
SAMEA864110
SAMEA864112
SAMEA864113
SAMEA864114
SAMEA864116
SAMEA864117
SAMEA864118
SAMEA864119
SAMEA864120
SAMEA864121
SAMEA864122
SAMEA864123
SAMEA864124
SAMEA864125
SAMEA864126
SAMEA864127
SAMEA864128
SAMEA864129
SAMEA864130
SAMEA864131
SAMEA864132
SAMEA864133
SAMEA864134
SAMEA864135
SAMEA864136
SAMEA864137
SAMEA864138
SAMEA864139
SAMEA864140
SAMEA864141
SAMEA864142
SAMEA864143
SAMEA864144
SAMEA864146
SAMEA864147
SAMEA864149
SAMEA864152
SAMEA864153
SAMEA864157
SAMEA864159
SAMEA864161
SAMEA864162
SAMEA864163
SAMEA864164
SAMEA864165
SAMEA864166
SAMEA864167
SAMEA864169
SAMEA864170
SAMEA864172
SAMEA864174
SAMEA864175
SAMEA864176
SAMEA864178
SAMEA864179
SAMN00254324
SAMN00254328
SAMN00254329
SAMN00254330
SAMN00254332
SAMN00254333
SAMN00254334
SAMN00254335
SAMN00254336
SAMN00254342
SAMN00254352
SAMN00254358
SAMN00254363
SAMN00254365
SAMN00254379
SAMN00254380
SAMN00254991
SAMN00254992
SAMN00255265
SAMN00771460
SAMN00771461
SAMN00771485
SAMN00771489
SAMN00780044
SAMN00780046
SAMN00780047
SAMN00780062
SAMN00780063
SAMN00780064
SAMN00839694
SAMN01047824
SAMN01047825
SAMN01047827
SAMN01047831
SAMN01047843
SAMN01047846
SAMN01047848
SAMN01047849
SAMN01047852
SAMN01047855
SAMN01047856
SAMN01047857
SAMN01047858
SAMN01047859
SAMN01047860
SAMN01047862
SAMN01047864
SAMN01047865
SAMN01047866
SAMN01047867
SAMN01047868
SAMN01047870
SAMN01047920
SAMN01048184
SAMN01162014
SAMN01162016
SAMN01162020
SAMN01162021
SAMN01162029
SAMN01766539
SAMN01801580
SAMN01801593
SAMN01801595
SAMN01801596
SAMN01801606
SAMN01886734
SAMN01886735
SAMN01886736
SAMN01919676
SAMN01919801
SAMN01919802
SAMN01919803
SAMN01919804
SAMN01919808
SAMN01919809
SAMN01920105
SAMN01920108
SAMN01920112
SAMN01920115
SAMN01920118
SAMN01920121
SAMN01920124
SAMN01920127
SAMN01920130
SAMN01920564
SAMN01920565
SAMN01920566
SAMN01920567
SAMN01920568
SAMN01920569
SAMN01920570
SAMN01920587
SAMN01920588
SAMN01920589
SAMN01920590
SAMN01920591
SAMN01920592
SAMN01920593
SAMN01920595
SAMN01920596
SAMN01920597
SAMN01920604
SAMN01920605
SAMN01920608
SAMN01920609
SAMN01920610
SAMN01920611
SAMN01920617
SAMN01920618
SAMN01920619
SAMN01920620
SAMN01920621
SAMN01920622
SAMN01920624
SAMN01920626
SAMN01920628
SAMN01920629
SAMN01920630
SAMN01920631
SAMN01920632
SAMN01920633
SAMN02436336
SAMN02436373
SAMN02436374
SAMN02436375
SAMN02436376
SAMN02436377
SAMN02436378
SAMN02436379
SAMN02436381
SAMN02436410
SAMN02436413
SAMN02436416
SAMN02436424
SAMN02436425
SAMN02436427
SAMN02436428
SAMN02436429
SAMN02436430
SAMN02436433
SAMN02436483
SAMN02436487
SAMN02436488
SAMN02436490
SAMN02436495
SAMN02436498
SAMN02436501
SAMN02436502
SAMN02436505
SAMN02436506
SAMN02436508
SAMN02436546
SAMN02436547
SAMN02436548
SAMN02436575
SAMN02436576
SAMN02436582
SAMN02436589
SAMN02436590
SAMN02436591
SAMN02436628
SAMN02436629
SAMN02603127
SAMN02603847
SAMN02603861
SAMN02673560
SAMN02928167
SAMN02947410
SAMN02947765
SAMN02947972
SAMN02949511
SAMN02949512
SAMN02949513
SAMN02949514
SAMN02949515
SAMN02949516
SAMN02949517
SAMN02949518
SAMN02949520
SAMN02949521
SAMN02949523
SAMN02949524
SAMN02949526
SAMN02949527
SAMN02949529
SAMN02949530
SAMN02949532
SAMN02949533
SAMN02949535
SAMN02949536
SAMN02949537
SAMN02949538
SAMN02949539
SAMN02949540
SAMN02949541
SAMN02949542
SAMN02949543
SAMN02949544
SAMN02949545
SAMN02949546
SAMN02949547
SAMN02949548
SAMN02949549
SAMN02949554
SAMN02949555
SAMN02949556
SAMN02949557
SAMN02949558
SAMN02949559
SAMN02949560
SAMN02949561
SAMN02949562
SAMN02949563
SAMN02949564
SAMN02949565
SAMN02949566
SAMN02949567
SAMN02949568
SAMN02949569
SAMN02949570
SAMN02949571
SAMN02949572
SAMN02949573
SAMN02949574
SAMN02949575
SAMN02949576
SAMN02949577
SAMN02949579
SAMN03259167
SAMN03610058
SAMN03780437
SAMN03780438
SAMN03783263
SAMN03783264
SAMN03853357
SAMN03944914
SAMN03996887
SAMN03996952
SAMN03996955
SAMN03997006
SAMN03997015
SAMN03998754
SAMN03998756
SAMN03998757
SAMN04002971
SAMN04009303
SAMN04009307
SAMN04009327
SAMN04009367
SAMN04090017
SAMN04090071
SAMN04090075
SAMN04102139
SAMN04102140
SAMN04102160
SAMN04102260
SAMN04116739
SAMN04116740
SAMN04116742
SAMN04145567
SAMN04145570
SAMN04145571
SAMN04145899
SAMN04145914
SAMN04145947
SAMN04145962
SAMN04145963
SAMN04158468
SAMN04158538
SAMN04231379
SAMN04235587
SAMN04432834
SAMN04555632
SAMN05195242
SAMN05195243
SAMN05421689
SAMN06233881
SAMN06290125
SAMN06298621
SAMN06298624
SAMN06434252
SAMN06434273
SAMN07313955
SAMN07314877
SAMN07501985
SAMN07502166
SAMN08513768
SAMN08596279
SAMN11289419
SAMN11289420
SAMN11289421
SAMN11774874
SAMN11774875
SAMN11774876
SAMN11774877
SAMN12567456
SAMN12567526
SAMN12588099
SAMN12871420
SAMN12871448
rplC
SAMEA1012006
SAMEA1012014
SAMEA1012026
SAMEA104369440
SAMEA104369441
SAMEA5168039
SAMEA5168040
SAMEA5168050
SAMEA5168052
SAMEA5168053
SAMEA5168085
SAMEA5168086
SAMEA5168088
SAMEA5168126
SAMEA5168127
SAMEA5168151
SAMEA5168152
SAMEA5168153
SAMEA5168160
SAMEA5168161
SAMEA5168166
SAMEA5168169
SAMEA5168176
SAMEA5168180
SAMEA5168181
SAMEA5168184
SAMEA5168187
SAMEA5168191
SAMEA5168192
SAMEA5168193
SAMEA5168197
SAMEA5168198
SAMEA5168203
SAMEA5168205
SAMEA5168207
SAMEA5168208
SAMEA5168212
SAMEA5168213
SAMEA5168215
SAMEA5168217
SAMEA5168218
SAMEA5168222
SAMEA5168235
SAMEA5168240
SAMEA5168253
SAMEA5168254
SAMEA5168255
SAMEA5168256
SAMEA5168257
SAMEA5168259
SAMEA5168260
SAMEA5168262
SAMEA5168263
SAMEA5168267
SAMEA5168269
SAMEA5168273
SAMEA5168309
SAMEA5168319
SAMEA5168338
SAMEA5168339
SAMEA5168340
SAMEA5168341
SAMEA5168342
SAMEA5168343
SAMEA5168344
SAMEA864081
SAMEA864082
SAMEA864083
SAMEA864084
SAMEA864085
SAMEA864086
SAMEA864090
SAMEA864092
SAMEA864094
SAMEA864095
SAMEA864096
SAMEA864097
SAMEA864098
SAMEA864099
SAMEA864100
SAMEA864101
SAMEA864102
SAMEA864103
SAMEA864105
SAMEA864106
SAMEA864110
SAMEA864112
SAMEA864113
SAMEA864114
SAMEA864116
SAMEA864117
SAMEA864118
SAMEA864119
SAMEA864120
SAMEA864121
SAMEA864122
SAMEA864123
SAMEA864124
SAMEA864125
SAMEA864126
SAMEA864127
SAMEA864128
SAMEA864129
SAMEA864130
SAMEA864131
SAMEA864132
SAMEA864133
SAMEA864134
SAMEA864135
SAMEA864136
SAMEA864137
SAMEA864138
SAMEA864139
SAMEA864140
SAMEA864141
SAMEA864142
SAMEA864143
SAMEA864144
SAMEA864146
SAMEA864147
SAMEA864149
SAMEA864152
SAMEA864153
SAMEA864157
SAMEA864159
SAMEA864161
SAMEA864162
SAMEA864163
SAMEA864164
SAMEA864165
SAMEA864166
SAMEA864167
SAMEA864169
SAMEA864170
SAMEA864172
SAMEA864174
SAMEA864175
SAMEA864176
SAMEA864178
SAMEA864179
SAMN00254324
SAMN00254328
SAMN00254329
SAMN00254330
SAMN00254332
SAMN00254333
SAMN00254334
SAMN00254335
SAMN00254336
SAMN00254342
SAMN00254352
SAMN00254358
SAMN00254363
SAMN00254365
SAMN00254379
SAMN00254380
SAMN00254991
SAMN00254992
SAMN00255265
SAMN00771460
SAMN00771461
SAMN00771485
SAMN00771489
SAMN00780044
SAMN00780046
SAMN00780047
SAMN00780062
SAMN00780063
SAMN00780064
SAMN00839694
SAMN01047824
SAMN01047825
SAMN01047827
SAMN01047831
SAMN01047843
SAMN01047846
SAMN01047848
SAMN01047849
SAMN01047852
SAMN01047855
SAMN01047856
SAMN01047857
SAMN01047858
SAMN01047859
SAMN01047860
SAMN01047862
SAMN01047864
SAMN01047865
SAMN01047866
SAMN01047867
SAMN01047868
SAMN01047870
SAMN01047920
SAMN01048184
SAMN01162014
SAMN01162016
SAMN01162020
SAMN01162021
SAMN01162029
SAMN01766539
SAMN01801580
SAMN01801593
SAMN01801595
SAMN01801596
SAMN01801606
SAMN01886734
SAMN01886735
SAMN01886736
SAMN01919676
SAMN01919801
SAMN01919802
SAMN01919803
SAMN01919804
SAMN01919808
SAMN01919809
SAMN01920105
SAMN01920108
SAMN01920112
SAMN01920115
SAMN01920118
SAMN01920121
SAMN01920124
SAMN01920127
SAMN01920130
SAMN01920564
SAMN01920565
SAMN01920566
SAMN01920567
SAMN01920568
SAMN01920569
SAMN01920570
SAMN01920587
SAMN01920588
SAMN01920589
SAMN01920590
SAMN01920591
SAMN01920592
SAMN01920593
SAMN01920595
SAMN01920596
SAMN01920597
SAMN01920604
SAMN01920605
SAMN01920608
SAMN01920609
SAMN01920610
SAMN01920611
SAMN01920617
SAMN01920618
SAMN01920619
SAMN01920620
SAMN01920621
SAMN01920622
SAMN01920624
SAMN01920626
SAMN01920628
SAMN01920629
SAMN01920630
SAMN01920631
SAMN01920632
SAMN01920633
SAMN02436336
SAMN02436373
SAMN02436374
SAMN02436375
SAMN02436376
SAMN02436377
SAMN02436378
SAMN02436379
SAMN02436381
SAMN02436410
SAMN02436413
SAMN02436416
SAMN02436424
SAMN02436425
SAMN02436427
SAMN02436428
SAMN02436429
SAMN02436430
SAMN02436433
SAMN02436483
SAMN02436487
SAMN02436488
SAMN02436490
SAMN02436495
SAMN02436498
SAMN02436501
SAMN02436502
SAMN02436505
SAMN02436506
SAMN02436508
SAMN02436546
SAMN02436547
SAMN02436548
SAMN02436575
SAMN02436576
SAMN02436582
SAMN02436589
SAMN02436590
SAMN02436591
SAMN02436628
SAMN02436629
SAMN02603127
SAMN02603847
SAMN02603861
SAMN02673560
SAMN02928167
SAMN02947410
SAMN02947765
SAMN02947972
SAMN02949511
SAMN02949512
SAMN02949513
SAMN02949514
SAMN02949515
SAMN02949516
SAMN02949517
SAMN02949518
SAMN02949520
SAMN02949521
SAMN02949523
SAMN02949524
SAMN02949526
SAMN02949527
SAMN02949529
SAMN02949530
SAMN02949532
SAMN02949533
SAMN02949535
SAMN02949536
SAMN02949537
SAMN02949538
SAMN02949539
SAMN02949540
SAMN02949541
SAMN02949542
SAMN02949543
SAMN02949544
SAMN02949545
SAMN02949546
SAMN02949547
SAMN02949548
SAMN02949549
SAMN02949554
SAMN02949555
SAMN02949556
SAMN02949557
SAMN02949558
SAMN02949559
SAMN02949560
SAMN02949561
SAMN02949562
SAMN02949563
SAMN02949564
SAMN02949565
SAMN02949566
SAMN02949567
SAMN02949568
SAMN02949569
SAMN02949570
SAMN02949571
SAMN02949572
SAMN02949573
SAMN02949574
SAMN02949575
SAMN02949576
SAMN02949577
SAMN02949579
SAMN03259167
SAMN03610058
SAMN03780437
SAMN03780438
SAMN03783263
SAMN03783264
SAMN03853357
SAMN03944914
SAMN03996887
SAMN03996952
SAMN03996955
SAMN03997006
SAMN03997015
SAMN03998754
SAMN03998756
SAMN03998757
SAMN04002971
SAMN04009303
SAMN04009307
SAMN04009327
SAMN04009367
SAMN04090017
SAMN04090071
SAMN04090075
SAMN04102139
SAMN04102140
SAMN04102160
SAMN04102260
SAMN04116739
SAMN04116740
SAMN04116742
SAMN04145567
SAMN04145570
SAMN04145571
SAMN04145899
SAMN04145914
SAMN04145947
SAMN04145962
SAMN04145963
SAMN04158468
SAMN04158538
SAMN04231379
SAMN04235587
SAMN04432834
SAMN04555632
SAMN05195242
SAMN05195243
SAMN05421689
SAMN06233881
SAMN06290125
SAMN06298621
SAMN06298624
SAMN06434252
SAMN06434273
SAMN07313955
SAMN07314877
SAMN07501985
SAMN07502166
SAMN08513768
SAMN08596279
SAMN11289419
SAMN11289420
SAMN11289421
SAMN11774874
SAMN11774875
SAMN11774876
SAMN11774877
SAMN12567456
SAMN12567526
SAMN12588099
SAMN12871420
SAMN12871448
rplD
SAMEA1012006
SAMEA1012014
SAMEA1012026
SAMEA104369440
SAMEA104369441
SAMEA5168039
SAMEA5168040
SAMEA5168050
SAMEA5168052
SAMEA5168053
SAMEA5168085
SAMEA5168086
SAMEA5168088
SAMEA5168126
SAMEA5168127
SAMEA5168151
SAMEA5168152
SAMEA5168153
SAMEA5168160
SAMEA5168161
SAMEA5168166
SAMEA5168169
SAMEA5168176
SAMEA5168180
SAMEA5168181
SAMEA5168184
SAMEA5168187
SAMEA5168191
SAMEA5168192
SAMEA5168193
SAMEA5168197
SAMEA5168198
SAMEA5168203
SAMEA5168205
SAMEA5168207
SAMEA5168208
SAMEA5168212
SAMEA5168213
SAMEA5168215
SAMEA5168217
SAMEA5168218
SAMEA5168222
SAMEA5168235
SAMEA5168240
SAMEA5168253
SAMEA5168254
SAMEA5168255
SAMEA5168256
SAMEA5168257
SAMEA5168259
SAMEA5168260
SAMEA5168262
SAMEA5168263
SAMEA5168267
SAMEA5168269
SAMEA5168273
SAMEA5168309
SAMEA5168319
SAMEA5168338
SAMEA5168339
SAMEA5168340
SAMEA5168341
SAMEA5168342
SAMEA5168343
SAMEA5168344
SAMEA864081
SAMEA864082
SAMEA864083
SAMEA864084
SAMEA864085
SAMEA864086
SAMEA864090
SAMEA864092
SAMEA864094
SAMEA864095
SAMEA864096
SAMEA864097
SAMEA864098
SAMEA864099
SAMEA864100
SAMEA864101
SAMEA864102
SAMEA864103
SAMEA864105
SAMEA864106
SAMEA864110
SAMEA864112
SAMEA864113
SAMEA864114
SAMEA864116
SAMEA864117
SAMEA864118
SAMEA864119
SAMEA864120
SAMEA864121
SAMEA864122
SAMEA864123
SAMEA864124
SAMEA864125
SAMEA864126
SAMEA864127
SAMEA864128
SAMEA864129
SAMEA864130
SAMEA864131
SAMEA864132
SAMEA864133
SAMEA864134
SAMEA864135
SAMEA864136
SAMEA864137
SAMEA864138
SAMEA864139
SAMEA864140
SAMEA864141
SAMEA864142
SAMEA864143
SAMEA864144
SAMEA864146
SAMEA864147
SAMEA864149
SAMEA864152
SAMEA864153
SAMEA864157
SAMEA864159
SAMEA864161
SAMEA864162
SAMEA864163
SAMEA864164
SAMEA864165
SAMEA864166
SAMEA864167
SAMEA864169
SAMEA864170
SAMEA864172
SAMEA864174
SAMEA864175
SAMEA864176
SAMEA864178
SAMEA864179
SAMN00254324
SAMN00254328
SAMN00254329
SAMN00254330
SAMN00254332
SAMN00254333
SAMN00254334
SAMN00254335
SAMN00254336
SAMN00254342
SAMN00254352
SAMN00254358
SAMN00254363
SAMN00254365
SAMN00254379
SAMN00254380
SAMN00254991
SAMN00254992
SAMN00255265
SAMN00771460
SAMN00771461
SAMN00771485
SAMN00771489
SAMN00780044
SAMN00780046
SAMN00780047
SAMN00780062
SAMN00780063
SAMN00780064
SAMN00839694
SAMN01047824
SAMN01047825
SAMN01047827
SAMN01047831
SAMN01047843
SAMN01047846
SAMN01047848
SAMN01047849
SAMN01047852
SAMN01047855
SAMN01047856
SAMN01047857
SAMN01047858
SAMN01047859
SAMN01047860
SAMN01047862
SAMN01047864
SAMN01047865
SAMN01047866
SAMN01047867
SAMN01047868
SAMN01047870
SAMN01047920
SAMN01048184
SAMN01162014
SAMN01162016
SAMN01162020
SAMN01162021
SAMN01162029
SAMN01766539
SAMN01801580
SAMN01801593
SAMN01801595
SAMN01801596
SAMN01801606
SAMN01886734
SAMN01886735
SAMN01886736
SAMN01919676
SAMN01919801
SAMN01919802
SAMN01919803
SAMN01919804
SAMN01919808
SAMN01919809
SAMN01920105
SAMN01920108
SAMN01920112
SAMN01920115
SAMN01920118
SAMN01920121
SAMN01920124
SAMN01920127
SAMN01920130
SAMN01920564
SAMN01920565
SAMN01920566
SAMN01920567
SAMN01920568
SAMN01920569
SAMN01920570
SAMN01920587
SAMN01920588
SAMN01920589
SAMN01920590
SAMN01920591
SAMN01920592
SAMN01920593
SAMN01920595
SAMN01920596
SAMN01920597
SAMN01920604
SAMN01920605
SAMN01920608
SAMN01920609
SAMN01920610
SAMN01920611
SAMN01920617
SAMN01920618
SAMN01920619
SAMN01920620
SAMN01920621
SAMN01920622
SAMN01920624
SAMN01920626
SAMN01920628
SAMN01920629
SAMN01920630
SAMN01920631
SAMN01920632
SAMN01920633
SAMN02436336
SAMN02436373
SAMN02436374
SAMN02436375
SAMN02436376
SAMN02436377
SAMN02436378
SAMN02436379
SAMN02436381
SAMN02436410
SAMN02436413
SAMN02436416
SAMN02436424
SAMN02436425
SAMN02436427
SAMN02436428
SAMN02436429
SAMN02436430
SAMN02436433
SAMN02436483
SAMN02436487
SAMN02436488
SAMN02436490
SAMN02436495
SAMN02436498
SAMN02436501
SAMN02436502
SAMN02436505
SAMN02436506
SAMN02436508
SAMN02436546
SAMN02436547
SAMN02436548
SAMN02436575
SAMN02436576
SAMN02436582
SAMN02436589
SAMN02436590
SAMN02436591
SAMN02436628
SAMN02436629
SAMN02603127
SAMN02603847
SAMN02603861
SAMN02673560
SAMN02928167
SAMN02947410
SAMN02947765
SAMN02947972
SAMN02949511
SAMN02949512
SAMN02949513
SAMN02949514
SAMN02949515
SAMN02949516
SAMN02949517
SAMN02949518
SAMN02949520
SAMN02949521
SAMN02949523
SAMN02949524
SAMN02949526
SAMN02949527
SAMN02949529
SAMN02949530
SAMN02949532
SAMN02949533
SAMN02949535
SAMN02949536
SAMN02949537
SAMN02949538
SAMN02949539
SAMN02949540
SAMN02949541
SAMN02949542
SAMN02949543
SAMN02949544
SAMN02949545
SAMN02949546
SAMN02949547
SAMN02949548
SAMN02949549
SAMN02949554
SAMN02949555
SAMN02949556
SAMN02949557
SAMN02949558
SAMN02949559
SAMN02949560
SAMN02949561
SAMN02949562
SAMN02949563
SAMN02949564
SAMN02949565
SAMN02949566
SAMN02949567
SAMN02949568
SAMN02949569
SAMN02949570
SAMN02949571
SAMN02949572
SAMN02949573
SAMN02949574
SAMN02949575
SAMN02949576
SAMN02949577
SAMN02949579
SAMN03259167
SAMN03610058
SAMN03780437
SAMN03780438
SAMN03783263
SAMN03783264
SAMN03853357
SAMN03944914
SAMN03996887
SAMN03996952
SAMN03996955
SAMN03997006
SAMN03997015
SAMN03998754
SAMN03998756
SAMN03998757
SAMN04002971
SAMN04009303
SAMN04009307
SAMN04009327
SAMN04009367
SAMN04090017
SAMN04090071
SAMN04090075
SAMN04102139
SAMN04102140
SAMN04102160
SAMN04102260
SAMN04116739
SAMN04116740
SAMN04116742
SAMN04145567
SAMN04145570
SAMN04145571
SAMN04145899
SAMN04145914
SAMN04145947
SAMN04145962
SAMN04145963
SAMN04158468
SAMN04158538
SAMN04231379
SAMN04235587
SAMN04432834
SAMN04555632
SAMN05195242
SAMN05195243
SAMN05421689
SAMN06233881
SAMN06290125
SAMN06298621
SAMN06298624
SAMN06434252
SAMN06434273
SAMN07313955
SAMN07314877
SAMN07501985
SAMN07502166
SAMN08513768
SAMN08596279
SAMN11289419
SAMN11289420
SAMN11289421
SAMN11774874
SAMN11774875
SAMN11774876
SAMN11774877
SAMN12567456
SAMN12567526
SAMN12588099
SAMN12871420
SAMN12871448
rplW
SAMEA1012006
SAMEA1012014
SAMEA1012026
SAMEA104369440
SAMEA104369441
SAMEA5168039
SAMEA5168040
SAMEA5168050
SAMEA5168052
SAMEA5168053
SAMEA5168085
SAMEA5168086
SAMEA5168088
SAMEA5168126
SAMEA5168127
SAMEA5168151
SAMEA5168152
SAMEA5168153
SAMEA5168160
SAMEA5168161
SAMEA5168166
SAMEA5168169
SAMEA5168176
SAMEA5168180
SAMEA5168181
SAMEA5168184
SAMEA5168187
SAMEA5168191
SAMEA5168192
SAMEA5168193
SAMEA5168197
SAMEA5168198
SAMEA5168203
SAMEA5168205
SAMEA5168207
SAMEA5168208
SAMEA5168212
SAMEA5168213
SAMEA5168215
SAMEA5168217
SAMEA5168218
SAMEA5168222
SAMEA5168235
SAMEA5168240
SAMEA5168253
SAMEA5168254
SAMEA5168255
SAMEA5168256
SAMEA5168257
SAMEA5168259
SAMEA5168260
SAMEA5168262
SAMEA5168263
SAMEA5168267
SAMEA5168269
SAMEA5168273
SAMEA5168309
SAMEA5168319
SAMEA5168338
SAMEA5168339
SAMEA5168340
SAMEA5168341
SAMEA5168342
SAMEA5168343
SAMEA5168344
SAMEA864081
SAMEA864082
SAMEA864083
SAMEA864084
SAMEA864085
SAMEA864086
SAMEA864090
SAMEA864092
SAMEA864094
SAMEA864095
SAMEA864096
SAMEA864097
SAMEA864098
SAMEA864099
SAMEA864100
SAMEA864101
SAMEA864102
SAMEA864103
SAMEA864105
SAMEA864106
SAMEA864110
SAMEA864112
SAMEA864113
SAMEA864114
SAMEA864116
SAMEA864117
SAMEA864118
SAMEA864119
SAMEA864120
SAMEA864121
SAMEA864122
SAMEA864123
SAMEA864124
SAMEA864125
SAMEA864126
SAMEA864127
SAMEA864128
SAMEA864129
SAMEA864130
SAMEA864131
SAMEA864132
SAMEA864133
SAMEA864134
SAMEA864135
SAMEA864136
SAMEA864137
SAMEA864138
SAMEA864139
SAMEA864140
SAMEA864141
SAMEA864142
SAMEA864143
SAMEA864144
SAMEA864146
SAMEA864147
SAMEA864149
SAMEA864152
SAMEA864153
SAMEA864157
SAMEA864159
SAMEA864161
SAMEA864162
SAMEA864163
SAMEA864164
SAMEA864165
SAMEA864166
SAMEA864167
SAMEA864169
SAMEA864170
SAMEA864172
SAMEA864174
SAMEA864175
SAMEA864176
SAMEA864178
SAMEA864179
SAMN00254324
SAMN00254328
SAMN00254329
SAMN00254330
SAMN00254332
SAMN00254333
SAMN00254334
SAMN00254335
SAMN00254336
SAMN00254342
SAMN00254352
SAMN00254358
SAMN00254363
SAMN00254365
SAMN00254379
SAMN00254380
SAMN00254991
SAMN00254992
SAMN00255265
SAMN00771460
SAMN00771461
SAMN00771485
SAMN00771489
SAMN00780044
SAMN00780046
SAMN00780047
SAMN00780062
SAMN00780063
SAMN00780064
SAMN00839694
SAMN01047824
SAMN01047825
SAMN01047827
SAMN01047831
SAMN01047843
SAMN01047846
SAMN01047848
SAMN01047849
SAMN01047852
SAMN01047855
SAMN01047856
SAMN01047857
SAMN01047858
SAMN01047859
SAMN01047860
SAMN01047862
SAMN01047864
SAMN01047865
SAMN01047866
SAMN01047867
SAMN01047868
SAMN01047870
SAMN01047920
SAMN01048184
SAMN01162014
SAMN01162016
SAMN01162020
SAMN01162021
SAMN01162029
SAMN01766539
SAMN01801580
SAMN01801593
SAMN01801595
SAMN01801596
SAMN01801606
SAMN01886734
SAMN01886735
SAMN01886736
SAMN01919676
SAMN01919801
SAMN01919802
SAMN01919803
SAMN01919804
SAMN01919808
SAMN01919809
SAMN01920105
SAMN01920108
SAMN01920112
SAMN01920115
SAMN01920118
SAMN01920121
SAMN01920124
SAMN01920127
SAMN01920130
SAMN01920564
SAMN01920565
SAMN01920566
SAMN01920567
SAMN01920568
SAMN01920569
SAMN01920570
SAMN01920587
SAMN01920588
SAMN01920589
SAMN01920590
SAMN01920591
SAMN01920592
SAMN01920593
SAMN01920595
SAMN01920596
SAMN01920597
SAMN01920604
SAMN01920605
SAMN01920608
SAMN01920609
SAMN01920610
SAMN01920611
SAMN01920617
SAMN01920618
SAMN01920619
SAMN01920620
SAMN01920621
SAMN01920622
SAMN01920624
SAMN01920626
SAMN01920628
SAMN01920629
SAMN01920630
SAMN01920631
SAMN01920632
SAMN01920633
SAMN02436336
SAMN02436373
SAMN02436374
SAMN02436375
SAMN02436376
SAMN02436377
SAMN02436378
SAMN02436379
SAMN02436381
SAMN02436410
SAMN02436413
SAMN02436416
SAMN02436424
SAMN02436425
SAMN02436427
SAMN02436428
SAMN02436429
SAMN02436430
SAMN02436433
SAMN02436483
SAMN02436487
SAMN02436488
SAMN02436490
SAMN02436495
SAMN02436498
